<?xml version="1.0" encoding="UTF-8"?>
<!-- Generated by org.testng.reporters.JUnitReportReporter -->
<testsuite hostname="DESKTOP-18T0U9A" failures="0" tests="1" name="test.Testlogin" time="47.886" errors="0" timestamp="29 Oct 2020 02:45:07 GMT" skipped="0">
  <testcase classname="test.Testlogin" name="validateHomePageTitle" time="47.886"/>
</testsuite> <!-- test.Testlogin -->
