<?xml version="1.0" encoding="UTF-8"?>
<!-- Generated by org.testng.reporters.JUnitReportReporter -->
<testsuite hostname="LAPTOP-J64N0UD2" failures="0" tests="1" name="pilot.trial" time="0.024" errors="0" timestamp="24 Oct 2020 08:21:17 GMT" skipped="0">
  <testcase classname="pilot.trial" name="test1" time="0.024"/>
</testsuite> <!-- pilot.trial -->
